<?xml version="1.0" encoding="utf-8"?><testsuites name="pytest tests"><testsuite name="pytest" errors="0" failures="2" skipped="0" tests="68" time="48.293" timestamp="2026-07-25T11:53:58.211286+00:00" hostname="agent-env-878de8e5-d0aa-46fb-a0ca-5387c7a22523"><testcase classname="tests.backend_test.TestUserUpdateAndAdminGuards" name="test_update_user_name_role_and_password" time="2.732" /><testcase classname="tests.backend_test.TestLogs" name="test_logs_default_limit_is_10" time="3.509" /><testcase classname="tests.backend_test.TestUserUpdateAndAdminGuards" name="test_update_user_password_min_length" time="1.200" /><testcase classname="tests.backend_test.TestLogs" name="test_logs_search_filters_items_but_not_counts" time="1.247" /><testcase classname="tests.backend_test.TestUserUpdateAndAdminGuards" name="test_update_user_requires_admin" time="1.636" /><testcase classname="tests.backend_test.TestLogs" name="test_logs_search_case_insensitive" time="1.208" /><testcase classname="tests.backend_test.TestUserUpdateAndAdminGuards" name="test_cannot_delete_own_account" time="0.609" /><testcase classname="tests.backend_test.TestLogs" name="test_logs_requires_auth" time="0.112" /><testcase classname="tests.backend_test.TestLogs" name="test_logs_admin_only" time="1.721" /><testcase classname="tests.backend_test.TestUserUpdateAndAdminGuards" name="test_cannot_delete_last_admin" time="2.179" /><testcase classname="tests.backend_test.TestLogs" name="test_logs_admin_returns_paged_object" time="0.947" /><testcase classname="tests.backend_test.TestUserUpdateAndAdminGuards" name="test_cannot_demote_last_admin" time="0.794" /><testcase classname="tests.backend_test.TestLogs" name="test_logs_pagination_skip_limit" time="1.184" /><testcase classname="tests.backend_test.TestUserUpdateAndAdminGuards" name="test_delete_admin_when_multiple_admins" time="1.212" /><testcase classname="tests.backend_test.TestLogs" name="test_logs_category_filter" time="1.373" /><testcase classname="tests.backend_test.TestUserUpdateAndAdminGuards" name="test_demote_admin_when_multiple_admins" time="1.049" /><testcase classname="tests.backend_test.TestLogs" name="test_delete_logs_by_date_range_no_op" time="0.659" /><testcase classname="tests.backend_test.TestSFTP" name="test_sftp_test_connection_success" time="1.325" /><testcase classname="tests.backend_test.TestLogs" name="test_delete_logs_requires_admin" time="1.542" /><testcase classname="tests.backend_test.TestSFTP" name="test_sftp_test_connection_fail_bad_pw" time="0.868" /><testcase classname="tests.backend_test.TestAuth" name="test_login_success" time="0.380" /><testcase classname="tests.backend_test.TestSFTP" name="test_sftp_crud_list_leak_check" time="2.828" /><testcase classname="tests.backend_test.TestAuth" name="test_login_invalid_password" time="0.544" /><testcase classname="tests.backend_test.TestAuth" name="test_login_bad_email" time="0.104" /><testcase classname="tests.backend_test.TestAuth" name="test_me_requires_auth" time="0.105" /><testcase classname="tests.backend_test.TestAuth" name="test_me_returns_user" time="0.490" /><testcase classname="tests.backend_test.TestStorages" name="test_non_admin_cannot_create_storage" time="1.404" /><testcase classname="tests.backend_test.TestSFTP" name="test_config_endpoint_requires_admin" time="2.113" /><testcase classname="tests.backend_test.TestStorages" name="test_s3_crud_and_no_secrets_returned" time="1.442" /><testcase classname="tests.backend_test.TestStorages" name="test_samba_storage_no_password_returned" time="0.965" /><testcase classname="tests.backend_test.TestSFTP" name="test_config_endpoint_s3_decrypts_secret_key" time="1.074" /><testcase classname="tests.backend_test.TestStorages" name="test_test_connection_graceful_failure" time="1.572" /><testcase classname="tests.backend_test.TestSFTP" name="test_reject_bad_type_still_rejects" time="0.771" /><testcase classname="tests.backend_test.TestChangePassword" name="test_requires_auth" time="0.157" /><testcase classname="tests.backend_test.TestStorages" name="test_reject_bad_type" time="0.664" /><testcase classname="tests.backend_test.TestChangePassword" name="test_change_password_flow" time="4.040" /><testcase classname="tests.backend_test.TestAppSettings" name="test_get_settings_public" time="0.386" /><testcase classname="tests.backend_test.TestAppSettings" name="test_put_settings_requires_admin" time="3.025" /><testcase classname="tests.backend_test.TestChangePassword" name="test_admin_change_password_and_restore" time="3.418" /><testcase classname="tests.backend_test.TestAppSettings" name="test_put_settings_persists_and_restores" time="1.458" /><testcase classname="tests.test_new_features.TestTransfer" name="test_cross_storage_copy" time="3.290"><failure message="AssertionError: {&quot;detail&quot;:&quot;Transfer failed: Path not found. Check the folder / base path exists on the server.&quot;}&#10;assert 400 == 200&#10; +  where 400 = &lt;Response [400]&gt;.status_code">backend/tests/test_new_features.py:100: in test_cross_storage_copy
    assert r.status_code == 200, r.text
E   AssertionError: {"detail":"Transfer failed: Path not found. Check the folder / base path exists on the server."}
E   assert 400 == 200
E    +  where 400 = &lt;Response [400]&gt;.status_code</failure></testcase><testcase classname="tests.test_new_features.TestUsage" name="test_usage_endpoint_returns_metrics" time="0.931" /><testcase classname="tests.test_new_features.TestUsage" name="test_usage_persists_in_storage_doc" time="1.254" /><testcase classname="tests.test_new_features.TestTransfer" name="test_cross_storage_move" time="2.038"><failure message="AssertionError: {&quot;detail&quot;:&quot;Transfer failed: Path not found. Check the folder / base path exists on the server.&quot;}&#10;assert 400 == 200&#10; +  where 400 = &lt;Response [400]&gt;.status_code">backend/tests/test_new_features.py:132: in test_cross_storage_move
    assert r.status_code == 200, r.text
E   AssertionError: {"detail":"Transfer failed: Path not found. Check the folder / base path exists on the server."}
E   assert 400 == 200
E    +  where 400 = &lt;Response [400]&gt;.status_code</failure></testcase><testcase classname="tests.test_new_features.TestUsage" name="test_dashboard_stats_has_new_fields" time="0.545" /><testcase classname="tests.test_new_features.TestShare" name="test_share_create_list_delete_and_public_download" time="4.002" /><testcase classname="tests.test_new_features.TestTransfer" name="test_transfer_same_storage_rejected" time="0.955" /><testcase classname="tests.test_p2_iter17.TestRecursiveSearch" name="test_search_finds_nested_files" time="0.898" /><testcase classname="tests.test_p2_iter17.TestRecursiveSearch" name="test_search_case_insensitive" time="0.949" /><testcase classname="tests.test_p2_iter17.TestRecursiveSearch" name="test_search_empty_query_returns_empty_or_400" time="0.505" /><testcase classname="tests.backend_test.TestDashboard" name="test_stats_admin" time="0.680" /><testcase classname="tests.test_new_features.TestShare" name="test_share_no_password_direct_download" time="2.801" /><testcase classname="tests.backend_test.TestDashboard" name="test_stats_requires_admin" time="0.113" /><testcase classname="tests.backend_test.TestUsers" name="test_list_users_requires_admin" time="0.111" /><testcase classname="tests.backend_test.TestUsers" name="test_user_crud_flow" time="1.836" /><testcase classname="tests.backend_test.TestAccessAndPermissions" name="test_full_permission_flow" time="3.790" /><testcase classname="tests.test_new_features.TestShare" name="test_share_public_endpoints_no_auth" time="0.458" /><testcase classname="tests.backend_test.TestSambaPort" name="test_samba_storage_persists_port" time="1.266" /><testcase classname="tests.backend_test.TestSambaPort" name="test_samba_default_port_omitted" time="0.702" /><testcase classname="tests.backend_test.TestConnectionLifecycleLogs" name="test_storage_added_updated_deleted_and_conn_failed_logged" time="1.693" /><testcase classname="tests.backend_test.TestAccessAndPermissions" name="test_delete_storage_cleans_access" time="1.514" /><testcase classname="tests.backend_test.TestConnectionLifecycleLogs" name="test_no_spurious_reconnect_on_normal_list" time="1.621" /><testcase classname="tests.backend_test.TestClientErrors" name="test_report_error_anonymous_records_log" time="0.618" /><testcase classname="tests.test_p2_iter17.TestEncryptionRegression" name="test_existing_storages_load" time="0.668" /><testcase classname="tests.backend_test.TestClientErrors" name="test_report_error_authenticated_uses_email" time="0.994" /><testcase classname="tests.test_p2_iter17.TestEncryptionRegression" name="test_saved_secret_decrypts" time="1.231" /><testcase classname="tests.backend_test.TestReconnectMechanism" name="test_storage_backends_has_reconnect_wrapper" time="0.001" /><testcase classname="tests.test_p2_iter17.TestChunkedUpload" name="test_chunked_upload_roundtrip" time="2.253" /></testsuite></testsuites>