<?xml version="1.0" encoding="utf-8"?><testsuites name="pytest tests"><testsuite name="pytest" errors="0" failures="0" skipped="0" tests="9" time="18.647" timestamp="2026-07-25T00:39:48.415470+00:00" hostname="agent-env-878de8e5-d0aa-46fb-a0ca-5387c7a22523"><testcase classname="tests.test_new_features.TestUsage" name="test_usage_endpoint_returns_metrics" time="2.205" /><testcase classname="tests.test_new_features.TestTransfer" name="test_cross_storage_copy" time="7.572" /><testcase classname="tests.test_new_features.TestUsage" name="test_usage_persists_in_storage_doc" time="2.565" /><testcase classname="tests.test_new_features.TestUsage" name="test_dashboard_stats_has_new_fields" time="1.278" /><testcase classname="tests.test_new_features.TestShare" name="test_share_create_list_delete_and_public_download" time="6.936" /><testcase classname="tests.test_new_features.TestTransfer" name="test_cross_storage_move" time="5.313" /><testcase classname="tests.test_new_features.TestTransfer" name="test_transfer_same_storage_rejected" time="1.516" /><testcase classname="tests.test_new_features.TestShare" name="test_share_no_password_direct_download" time="3.224" /><testcase classname="tests.test_new_features.TestShare" name="test_share_public_endpoints_no_auth" time="0.348" /></testsuite></testsuites>