<?xml version="1.0" encoding="utf-8"?><testsuites name="pytest tests"><testsuite name="pytest" errors="0" failures="0" skipped="0" tests="29" time="23.651" timestamp="2026-07-24T17:00:08.581965+00:00" hostname="agent-env-878de8e5-d0aa-46fb-a0ca-5387c7a22523"><testcase classname="tests.backend_test.TestAuth" name="test_login_success" time="0.653" /><testcase classname="tests.backend_test.TestLogs" name="test_logs_requires_auth" time="0.276" /><testcase classname="tests.backend_test.TestLogs" name="test_logs_admin_only" time="2.359" /><testcase classname="tests.backend_test.TestAuth" name="test_login_invalid_password" time="0.687" /><testcase classname="tests.backend_test.TestAuth" name="test_login_bad_email" time="0.337" /><testcase classname="tests.backend_test.TestAuth" name="test_me_requires_auth" time="0.401" /><testcase classname="tests.backend_test.TestAuth" name="test_me_returns_user" time="0.556" /><testcase classname="tests.backend_test.TestLogs" name="test_logs_admin_returns_paged_object" time="0.749" /><testcase classname="tests.backend_test.TestStorages" name="test_non_admin_cannot_create_storage" time="2.096" /><testcase classname="tests.backend_test.TestLogs" name="test_logs_pagination_skip_limit" time="1.295" /><testcase classname="tests.backend_test.TestLogs" name="test_logs_category_filter" time="1.190" /><testcase classname="tests.backend_test.TestStorages" name="test_s3_crud_and_no_secrets_returned" time="1.569" /><testcase classname="tests.backend_test.TestLogs" name="test_delete_logs_by_date_range_no_op" time="0.924" /><testcase classname="tests.backend_test.TestStorages" name="test_samba_storage_no_password_returned" time="0.939" /><testcase classname="tests.backend_test.TestLogs" name="test_delete_logs_requires_admin" time="2.140" /><testcase classname="tests.backend_test.TestStorages" name="test_test_connection_graceful_failure" time="1.944" /><testcase classname="tests.backend_test.TestAppSettings" name="test_get_settings_public" time="0.131" /><testcase classname="tests.backend_test.TestAppSettings" name="test_put_settings_requires_admin" time="2.367" /><testcase classname="tests.backend_test.TestStorages" name="test_reject_bad_type" time="1.167" /><testcase classname="tests.backend_test.TestDashboard" name="test_stats_admin" time="1.033" /><testcase classname="tests.backend_test.TestAppSettings" name="test_put_settings_persists_and_restores" time="1.577" /><testcase classname="tests.backend_test.TestDashboard" name="test_stats_requires_admin" time="0.427" /><testcase classname="tests.backend_test.TestAccessAndPermissions" name="test_full_permission_flow" time="4.917" /><testcase classname="tests.backend_test.TestUsers" name="test_list_users_requires_admin" time="0.438" /><testcase classname="tests.backend_test.TestUsers" name="test_user_crud_flow" time="2.109" /><testcase classname="tests.backend_test.TestReconnectMechanism" name="test_storage_backends_has_reconnect_wrapper" time="0.001" /><testcase classname="tests.backend_test.TestAccessAndPermissions" name="test_delete_storage_cleans_access" time="1.634" /><testcase classname="tests.backend_test.TestConnectionLifecycleLogs" name="test_storage_added_updated_deleted_and_conn_failed_logged" time="1.785" /><testcase classname="tests.backend_test.TestConnectionLifecycleLogs" name="test_no_spurious_reconnect_on_normal_list" time="1.657" /></testsuite></testsuites>