<?xml version="1.0" encoding="utf-8"?><testsuites name="pytest tests"><testsuite name="pytest" errors="0" failures="0" skipped="0" tests="37" time="41.357" timestamp="2026-07-24T21:45:07.595354+00:00" hostname="agent-env-878de8e5-d0aa-46fb-a0ca-5387c7a22523"><testcase classname="tests.backend_test.TestLogs" name="test_logs_default_limit_is_10" time="6.378" /><testcase classname="tests.backend_test.TestAuth" name="test_login_success" time="1.152" /><testcase classname="tests.backend_test.TestAuth" name="test_login_invalid_password" time="0.732" /><testcase classname="tests.backend_test.TestAuth" name="test_login_bad_email" time="0.277" /><testcase classname="tests.backend_test.TestAuth" name="test_me_requires_auth" time="0.191" /><testcase classname="tests.backend_test.TestAuth" name="test_me_returns_user" time="0.927" /><testcase classname="tests.backend_test.TestStorages" name="test_non_admin_cannot_create_storage" time="3.034" /><testcase classname="tests.backend_test.TestStorages" name="test_s3_crud_and_no_secrets_returned" time="2.554" /><testcase classname="tests.backend_test.TestLogs" name="test_logs_search_filters_items_but_not_counts" time="2.693" /><testcase classname="tests.backend_test.TestStorages" name="test_samba_storage_no_password_returned" time="1.463" /><testcase classname="tests.backend_test.TestLogs" name="test_logs_search_case_insensitive" time="2.497" /><testcase classname="tests.backend_test.TestStorages" name="test_test_connection_graceful_failure" time="2.112" /><testcase classname="tests.backend_test.TestLogs" name="test_logs_requires_auth" time="0.153" /><testcase classname="tests.backend_test.TestLogs" name="test_logs_admin_only" time="2.588" /><testcase classname="tests.backend_test.TestStorages" name="test_reject_bad_type" time="1.476" /><testcase classname="tests.backend_test.TestChangePassword" name="test_requires_auth" time="0.164" /><testcase classname="tests.backend_test.TestChangePassword" name="test_change_password_flow" time="5.895" /><testcase classname="tests.backend_test.TestLogs" name="test_logs_admin_returns_paged_object" time="1.505" /><testcase classname="tests.backend_test.TestLogs" name="test_logs_pagination_skip_limit" time="1.654" /><testcase classname="tests.backend_test.TestLogs" name="test_logs_category_filter" time="2.529" /><testcase classname="tests.backend_test.TestLogs" name="test_delete_logs_by_date_range_no_op" time="1.029" /><testcase classname="tests.backend_test.TestChangePassword" name="test_admin_change_password_and_restore" time="6.107" /><testcase classname="tests.backend_test.TestLogs" name="test_delete_logs_requires_admin" time="4.261" /><testcase classname="tests.backend_test.TestDashboard" name="test_stats_admin" time="1.015" /><testcase classname="tests.backend_test.TestAppSettings" name="test_get_settings_public" time="0.169" /><testcase classname="tests.backend_test.TestDashboard" name="test_stats_requires_admin" time="0.162" /><testcase classname="tests.backend_test.TestAppSettings" name="test_put_settings_requires_admin" time="3.401" /><testcase classname="tests.backend_test.TestUsers" name="test_list_users_requires_admin" time="0.144" /><testcase classname="tests.backend_test.TestUsers" name="test_user_crud_flow" time="3.873" /><testcase classname="tests.backend_test.TestAppSettings" name="test_put_settings_persists_and_restores" time="1.487" /><testcase classname="tests.backend_test.TestClientErrors" name="test_report_error_anonymous_records_log" time="1.286" /><testcase classname="tests.backend_test.TestAccessAndPermissions" name="test_full_permission_flow" time="5.399" /><testcase classname="tests.backend_test.TestClientErrors" name="test_report_error_authenticated_uses_email" time="1.145" /><testcase classname="tests.backend_test.TestConnectionLifecycleLogs" name="test_storage_added_updated_deleted_and_conn_failed_logged" time="2.216" /><testcase classname="tests.backend_test.TestConnectionLifecycleLogs" name="test_no_spurious_reconnect_on_normal_list" time="1.544" /><testcase classname="tests.backend_test.TestAccessAndPermissions" name="test_delete_storage_cleans_access" time="1.888" /><testcase classname="tests.backend_test.TestReconnectMechanism" name="test_storage_backends_has_reconnect_wrapper" time="0.001" /></testsuite></testsuites>